<?xml version="1.0" encoding="UTF-8"?>
<testsuite xmlns:xsi="http://www.w3.org/2001/XMLSchema-instance" xsi:noNamespaceSchemaLocation="https://maven.apache.org/surefire/maven-surefire-plugin/xsd/surefire-test-report-3.0.xsd" version="3.0" name="com.generacc.backend.calidad.backendcalidad.BackendCalidadApplicationTests" time="4.559" tests="1" errors="0" skipped="0" failures="0">
  <properties>
[...]
</properties>
  <testcase name="contextLoads" classname="com.generacc.backend.calidad.backendcalidad.BackendCalidadApplicationTests" time="0.346">
    <system-out><![CDATA[13:02:01.864 [main] INFO org.springframework.test.context.support.AnnotationConfigContextLoaderUtils -- Could not detect default configuration classes for test class [com.generacc.backend.calidad.backendcalidad.BackendCalidadApplicationTests]: BackendCalidadApplicationTests does not declare any static, non-private, non-final, nested classes annotated with @Configuration.
13:02:01.936 [main] INFO org.springframework.boot.test.context.SpringBootTestContextBootstrapper -- Found @SpringBootConfiguration com.generacc.backend.calidad.backendcalidad.BackendCalidadApplication for test class com.generacc.backend.calidad.backendcalidad.BackendCalidadApplicationTests

  .   ____          _            __ _ _
 /\\ / ___'_ __ _ _(_)_ __  __ _ \ \ \ \
( ( )\___ | '_ | '_| | '_ \/ _` | \ \ \ \
 \\/  ___)| |_)| | | | | || (_| |  ) ) ) )
  '  |____| .__|_| |_|_| |_\__, | / / / /
 =========|_|==============|___/=/_/_/_/
 :: Spring Boot ::                (v3.1.0)

2023-07-17T13:02:02.245-04:00  INFO 3492 --- [           main] c.g.b.c.b.BackendCalidadApplicationTests : Starting BackendCalidadApplicationTests using Java 20.0.1 with PID 3492 (started by rcova in D:\Generacc\backend-calidad)
2023-07-17T13:02:02.246-04:00  INFO 3492 --- [           main] c.g.b.c.b.BackendCalidadApplicationTests : No active profile set, falling back to 1 default profile: "default"
2023-07-17T13:02:02.838-04:00  INFO 3492 --- [           main] .s.d.r.c.RepositoryConfigurationDelegate : Bootstrapping Spring Data JPA repositories in DEFAULT mode.
2023-07-17T13:02:02.892-04:00  INFO 3492 --- [           main] .s.d.r.c.RepositoryConfigurationDelegate : Finished Spring Data repository scanning in 48 ms. Found 2 JPA repository interfaces.
2023-07-17T13:02:03.306-04:00  INFO 3492 --- [           main] com.zaxxer.hikari.HikariDataSource       : HikariPool-1 - Starting...
2023-07-17T13:02:03.703-04:00  INFO 3492 --- [           main] com.zaxxer.hikari.pool.HikariPool        : HikariPool-1 - Added connection ConnectionID:1 ClientConnectionId: b5f0fd5e-e4f6-40d3-910d-eade4d3836d8
2023-07-17T13:02:03.705-04:00  INFO 3492 --- [           main] com.zaxxer.hikari.HikariDataSource       : HikariPool-1 - Start completed.
2023-07-17T13:02:03.738-04:00  INFO 3492 --- [           main] o.hibernate.jpa.internal.util.LogHelper  : HHH000204: Processing PersistenceUnitInfo [name: default]
2023-07-17T13:02:03.777-04:00  INFO 3492 --- [           main] org.hibernate.Version                    : HHH000412: Hibernate ORM core version 6.2.2.Final
2023-07-17T13:02:03.779-04:00  INFO 3492 --- [           main] org.hibernate.cfg.Environment            : HHH000406: Using bytecode reflection optimizer
2023-07-17T13:02:03.889-04:00  INFO 3492 --- [           main] o.h.b.i.BytecodeProviderInitiator        : HHH000021: Bytecode provider name : bytebuddy
2023-07-17T13:02:03.994-04:00  INFO 3492 --- [           main] o.s.o.j.p.SpringPersistenceUnitInfo      : No LoadTimeWeaver setup: ignoring JPA class transformer
2023-07-17T13:02:04.022-04:00  INFO 3492 --- [           main] org.hibernate.orm.dialect                : HHH035001: Using dialect: org.hibernate.dialect.SQLServerDialect, version: 15.0
2023-07-17T13:02:04.208-04:00  INFO 3492 --- [           main] o.h.b.i.BytecodeProviderInitiator        : HHH000021: Bytecode provider name : bytebuddy
2023-07-17T13:02:04.633-04:00  INFO 3492 --- [           main] o.h.e.t.j.p.i.JtaPlatformInitiator       : HHH000490: Using JtaPlatform implementation: [org.hibernate.engine.transaction.jta.platform.internal.NoJtaPlatform]
2023-07-17T13:02:04.635-04:00  INFO 3492 --- [           main] j.LocalContainerEntityManagerFactoryBean : Initialized JPA EntityManagerFactory for persistence unit 'default'
2023-07-17T13:02:04.879-04:00  INFO 3492 --- [           main] o.s.d.j.r.query.QueryEnhancerFactory     : Hibernate is in classpath; If applicable, HQL parser will be used.
2023-07-17T13:02:05.260-04:00  WARN 3492 --- [           main] JpaBaseConfiguration$JpaWebConfiguration : spring.jpa.open-in-view is enabled by default. Therefore, database queries may be performed during view rendering. Explicitly configure spring.jpa.open-in-view to disable this warning
2023-07-17T13:02:05.511-04:00  INFO 3492 --- [           main] o.s.b.a.e.web.EndpointLinksResolver      : Exposing 1 endpoint(s) beneath base path '/actuator'
2023-07-17T13:02:05.589-04:00  INFO 3492 --- [           main] o.s.s.web.DefaultSecurityFilterChain     : Will secure any request with [org.springframework.security.web.session.DisableEncodeUrlFilter@6f8fa77a, org.springframework.security.web.context.request.async.WebAsyncManagerIntegrationFilter@14d44e72, org.springframework.security.web.context.SecurityContextHolderFilter@6be6cb16, org.springframework.security.web.header.HeaderWriterFilter@10c9bd51, org.springframework.web.filter.CorsFilter@2b097d19, org.springframework.security.web.authentication.logout.LogoutFilter@22bd6b0a, com.generacc.backend.calidad.backendcalidad.auth.filters.JwtAuthenticationFilter@5d46f4a3, com.generacc.backend.calidad.backendcalidad.auth.filters.JwtValidationFilter@4fe03c06, org.springframework.security.web.savedrequest.RequestCacheAwareFilter@5c44bce3, org.springframework.security.web.servletapi.SecurityContextHolderAwareRequestFilter@7d911f95, org.springframework.security.web.authentication.AnonymousAuthenticationFilter@79f14c56, org.springframework.security.web.session.SessionManagementFilter@6afd0ef8, org.springframework.security.web.access.ExceptionTranslationFilter@b94c22d, org.springframework.security.web.access.intercept.AuthorizationFilter@b549c4a]
2023-07-17T13:02:05.879-04:00  INFO 3492 --- [           main] c.g.b.c.b.BackendCalidadApplicationTests : Started BackendCalidadApplicationTests in 3.842 seconds (process running for 4.49)
]]></system-out>
  </testcase>
</testsuite>