<?xml version="1.0" encoding="UTF-8"?>
<testsuite xmlns:xsi="http://www.w3.org/2001/XMLSchema-instance" xsi:noNamespaceSchemaLocation="https://maven.apache.org/surefire/maven-surefire-plugin/xsd/surefire-test-report-3.0.xsd" version="3.0" name="com.generacc.backend.calidad.backendcalidad.BackendCalidadApplicationTests" time="4.727" tests="1" errors="0" skipped="0" failures="0">
  <properties>
[...]
</properties>
  <testcase name="contextLoads" classname="com.generacc.backend.calidad.backendcalidad.BackendCalidadApplicationTests" time="0.329">
    <system-out><![CDATA[14:59:45.417 [main] INFO org.springframework.test.context.support.AnnotationConfigContextLoaderUtils -- Could not detect default configuration classes for test class [com.generacc.backend.calidad.backendcalidad.BackendCalidadApplicationTests]: BackendCalidadApplicationTests does not declare any static, non-private, non-final, nested classes annotated with @Configuration.
14:59:45.483 [main] INFO org.springframework.boot.test.context.SpringBootTestContextBootstrapper -- Found @SpringBootConfiguration com.generacc.backend.calidad.backendcalidad.BackendCalidadApplication for test class com.generacc.backend.calidad.backendcalidad.BackendCalidadApplicationTests

  .   ____          _            __ _ _
 /\\ / ___'_ __ _ _(_)_ __  __ _ \ \ \ \
( ( )\___ | '_ | '_| | '_ \/ _` | \ \ \ \
 \\/  ___)| |_)| | | | | || (_| |  ) ) ) )
  '  |____| .__|_| |_|_| |_\__, | / / / /
 =========|_|==============|___/=/_/_/_/
 :: Spring Boot ::                (v3.1.0)

2023-07-03T14:59:45.779-04:00  INFO 11436 --- [           main] c.g.b.c.b.BackendCalidadApplicationTests : Starting BackendCalidadApplicationTests using Java 20.0.1 with PID 11436 (started by rcova in D:\Generacc\backend-calidad)
2023-07-03T14:59:45.779-04:00  INFO 11436 --- [           main] c.g.b.c.b.BackendCalidadApplicationTests : No active profile set, falling back to 1 default profile: "default"
2023-07-03T14:59:46.381-04:00  INFO 11436 --- [           main] .s.d.r.c.RepositoryConfigurationDelegate : Bootstrapping Spring Data JPA repositories in DEFAULT mode.
2023-07-03T14:59:46.426-04:00  INFO 11436 --- [           main] .s.d.r.c.RepositoryConfigurationDelegate : Finished Spring Data repository scanning in 41 ms. Found 2 JPA repository interfaces.
2023-07-03T14:59:46.826-04:00  INFO 11436 --- [           main] com.zaxxer.hikari.HikariDataSource       : HikariPool-1 - Starting...
2023-07-03T14:59:47.215-04:00  INFO 11436 --- [           main] com.zaxxer.hikari.pool.HikariPool        : HikariPool-1 - Added connection ConnectionID:1 ClientConnectionId: d7f30711-e596-450c-8ce3-82735962ea69
2023-07-03T14:59:47.217-04:00  INFO 11436 --- [           main] com.zaxxer.hikari.HikariDataSource       : HikariPool-1 - Start completed.
2023-07-03T14:59:47.257-04:00  INFO 11436 --- [           main] o.hibernate.jpa.internal.util.LogHelper  : HHH000204: Processing PersistenceUnitInfo [name: default]
2023-07-03T14:59:47.304-04:00  INFO 11436 --- [           main] org.hibernate.Version                    : HHH000412: Hibernate ORM core version 6.2.2.Final
2023-07-03T14:59:47.305-04:00  INFO 11436 --- [           main] org.hibernate.cfg.Environment            : HHH000406: Using bytecode reflection optimizer
2023-07-03T14:59:47.494-04:00  INFO 11436 --- [           main] o.h.b.i.BytecodeProviderInitiator        : HHH000021: Bytecode provider name : bytebuddy
2023-07-03T14:59:47.701-04:00  INFO 11436 --- [           main] o.s.o.j.p.SpringPersistenceUnitInfo      : No LoadTimeWeaver setup: ignoring JPA class transformer
2023-07-03T14:59:47.742-04:00  INFO 11436 --- [           main] org.hibernate.orm.dialect                : HHH035001: Using dialect: org.hibernate.dialect.SQLServerDialect, version: 15.0
2023-07-03T14:59:47.947-04:00  INFO 11436 --- [           main] o.h.b.i.BytecodeProviderInitiator        : HHH000021: Bytecode provider name : bytebuddy
2023-07-03T14:59:48.352-04:00  INFO 11436 --- [           main] o.h.e.t.j.p.i.JtaPlatformInitiator       : HHH000490: Using JtaPlatform implementation: [org.hibernate.engine.transaction.jta.platform.internal.NoJtaPlatform]
2023-07-03T14:59:48.352-04:00  INFO 11436 --- [           main] j.LocalContainerEntityManagerFactoryBean : Initialized JPA EntityManagerFactory for persistence unit 'default'
2023-07-03T14:59:48.561-04:00  INFO 11436 --- [           main] o.s.d.j.r.query.QueryEnhancerFactory     : Hibernate is in classpath; If applicable, HQL parser will be used.
2023-07-03T14:59:48.996-04:00  WARN 11436 --- [           main] JpaBaseConfiguration$JpaWebConfiguration : spring.jpa.open-in-view is enabled by default. Therefore, database queries may be performed during view rendering. Explicitly configure spring.jpa.open-in-view to disable this warning
2023-07-03T14:59:49.249-04:00  INFO 11436 --- [           main] o.s.b.a.e.web.EndpointLinksResolver      : Exposing 1 endpoint(s) beneath base path '/actuator'
2023-07-03T14:59:49.319-04:00  INFO 11436 --- [           main] o.s.s.web.DefaultSecurityFilterChain     : Will secure any request with [org.springframework.security.web.session.DisableEncodeUrlFilter@7793eaca, org.springframework.security.web.context.request.async.WebAsyncManagerIntegrationFilter@785ba20d, org.springframework.security.web.context.SecurityContextHolderFilter@e9fa0ea, org.springframework.security.web.header.HeaderWriterFilter@5ed4c87, org.springframework.web.filter.CorsFilter@7c09037a, org.springframework.security.web.authentication.logout.LogoutFilter@7222e168, com.generacc.backend.calidad.backendcalidad.auth.filters.JwtAuthenticationFilter@1a262e93, com.generacc.backend.calidad.backendcalidad.auth.filters.JwtValidationFilter@720b52a7, org.springframework.security.web.savedrequest.RequestCacheAwareFilter@7e7f72, org.springframework.security.web.servletapi.SecurityContextHolderAwareRequestFilter@5453020f, org.springframework.security.web.authentication.AnonymousAuthenticationFilter@5765cd21, org.springframework.security.web.session.SessionManagementFilter@16908f89, org.springframework.security.web.access.ExceptionTranslationFilter@36cbe0fe, org.springframework.security.web.access.intercept.AuthorizationFilter@5a5c041f]
2023-07-03T14:59:49.616-04:00  INFO 11436 --- [           main] c.g.b.c.b.BackendCalidadApplicationTests : Started BackendCalidadApplicationTests in 4.037 seconds (process running for 4.667)
]]></system-out>
  </testcase>
</testsuite>